{"project_record": {"timestamp":"2021-11-12T07:47:04","service":"restaurant-service","level":"INFO","filename":"app.py","funcName":"insert_new_menu","lineNumber":"36","message":{"trace_id": 1, "span_id": "RESTAURANT-1", "status_code": "", "method": "GET", "url": "http://workers/00001", "details": "request restaurant store menu"}}}
{"project_record": {"timestamp":"2021-11-12T07:47:05","service":"restaurant-service","level":"INFO","filename":"app.py","funcName":"insert_new_menu","lineNumber":"36","message":{"trace_id": 2, "span_id": "RESTAURANT-2", "status_code": "", "method": "GET", "url": "http://workers/00001", "details": "request restaurant store menu"}}}
{"project_record": {"timestamp":"2021-11-12T07:47:06","service":"restaurant-service","level":"INFO","filename":"app.py","funcName":"insert_new_menu","lineNumber":"36","message":{"trace_id": 3, "span_id": "RESTAURANT-3", "status_code": "", "method": "GET", "url": "http://workers/00001", "details": "request restaurant store menu"}}}
{"project_record": {"timestamp":"2021-11-12T07:47:07","service":"restaurant-service","level":"INFO","filename":"app.py","funcName":"insert_new_menu","lineNumber":"36","message":{"trace_id": 4, "span_id": "RESTAURANT-4", "status_code": "", "method": "GET", "url": "http://workers/00001", "details": "request restaurant store menu"}}}
{"project_record": {"timestamp":"2021-11-12T07:47:08","service":"restaurant-service","level":"INFO","filename":"app.py","funcName":"insert_new_menu","lineNumber":"36","message":{"trace_id": 5, "span_id": "RESTAURANT-5", "status_code": "", "method": "GET", "url": "http://workers/00001", "details": "request restaurant store menu"}}}
{"project_record": {"timestamp":"2021-11-12T07:47:09","service":"restaurant-service","level":"INFO","filename":"app.py","funcName":"insert_new_menu","lineNumber":"36","message":{"trace_id": 6, "span_id": "RESTAURANT-6", "status_code": "", "method": "GET", "url": "http://workers/00001", "details": "request restaurant store menu"}}}
{"project_record": {"timestamp":"2021-11-12T07:47:10","service":"restaurant-service","level":"INFO","filename":"app.py","funcName":"insert_new_menu","lineNumber":"36","message":{"trace_id": 7, "span_id": "RESTAURANT-7", "status_code": "", "method": "GET", "url": "http://workers/00001", "details": "request restaurant store menu"}}}
{"project_record": {"timestamp":"2021-11-12T07:53:58","service":"restaurant-service","level":"INFO","filename":"app.py","funcName":"insert_new_menu","lineNumber":"36","message":{"trace_id": 8, "span_id": "RESTAURANT-8", "status_code": "", "method": "GET", "url": "http://workers/00001", "details": "request restaurant store menu"}}}
{"project_record": {"timestamp":"2021-11-12T07:53:59","service":"restaurant-service","level":"INFO","filename":"app.py","funcName":"insert_new_menu","lineNumber":"36","message":{"trace_id": 9, "span_id": "RESTAURANT-9", "status_code": "", "method": "GET", "url": "http://workers/00001", "details": "request restaurant store menu"}}}
{"project_record": {"timestamp":"2021-11-12T07:53:59","service":"restaurant-service","level":"INFO","filename":"app.py","funcName":"insert_new_menu","lineNumber":"36","message":{"trace_id": 10, "span_id": "RESTAURANT-10", "status_code": "", "method": "GET", "url": "http://workers/00001", "details": "request restaurant store menu"}}}
{"project_record": {"timestamp":"2021-11-12T07:55:29","service":"restaurant-service","level":"INFO","filename":"app.py","funcName":"insert_new_menu","lineNumber":"36","message":{"trace_id": 11, "span_id": "RESTAURANT-11", "status_code": "", "method": "GET", "url": "http://workers/00001", "details": "request restaurant store menu"}}}
{"project_record": {"timestamp":"2021-11-12T07:55:30","service":"restaurant-service","level":"INFO","filename":"app.py","funcName":"insert_new_menu","lineNumber":"36","message":{"trace_id": 12, "span_id": "RESTAURANT-12", "status_code": "", "method": "GET", "url": "http://workers/00001", "details": "request restaurant store menu"}}}
{"project_record": {"timestamp":"2021-11-12T07:55:50","service":"restaurant-service","level":"INFO","filename":"app.py","funcName":"insert_new_menu","lineNumber":"36","message":{"trace_id": 13, "span_id": "RESTAURANT-13", "status_code": "", "method": "GET", "url": "http://workers/00001", "details": "request restaurant store menu"}}}
{"project_record": {"timestamp":"2021-11-12T07:56:05","service":"restaurant-service","level":"INFO","filename":"app.py","funcName":"insert_new_menu","lineNumber":"36","message":{"trace_id": 14, "span_id": "RESTAURANT-14", "status_code": "", "method": "GET", "url": "http://workers/00001", "details": "request restaurant store menu"}}}
{"project_record": {"timestamp":"2021-11-12T07:56:06","service":"restaurant-service","level":"INFO","filename":"app.py","funcName":"insert_new_menu","lineNumber":"36","message":{"trace_id": 15, "span_id": "RESTAURANT-15", "status_code": "", "method": "GET", "url": "http://workers/00001", "details": "request restaurant store menu"}}}
{"project_record": {"timestamp":"2021-11-12T07:56:10","service":"restaurant-service","level":"INFO","filename":"app.py","funcName":"insert_new_menu","lineNumber":"36","message":{"trace_id": 16, "span_id": "RESTAURANT-16", "status_code": "", "method": "GET", "url": "http://workers/00001", "details": "request restaurant store menu"}}}
{"project_record": {"timestamp":"2021-11-12T07:56:11","service":"restaurant-service","level":"INFO","filename":"app.py","funcName":"insert_new_menu","lineNumber":"36","message":{"trace_id": 17, "span_id": "RESTAURANT-17", "status_code": "", "method": "GET", "url": "http://workers/00001", "details": "request restaurant store menu"}}}
{"project_record": {"timestamp":"2021-11-12T07:56:12","service":"restaurant-service","level":"INFO","filename":"app.py","funcName":"insert_new_menu","lineNumber":"36","message":{"trace_id": 18, "span_id": "RESTAURANT-18", "status_code": "", "method": "GET", "url": "http://workers/00001", "details": "request restaurant store menu"}}}
{"project_record": {"timestamp":"2021-11-12T07:56:13","service":"restaurant-service","level":"INFO","filename":"app.py","funcName":"insert_new_menu","lineNumber":"36","message":{"trace_id": 19, "span_id": "RESTAURANT-19", "status_code": "", "method": "GET", "url": "http://workers/00001", "details": "request restaurant store menu"}}}
{"project_record": {"timestamp":"2021-11-12T07:56:13","service":"restaurant-service","level":"INFO","filename":"app.py","funcName":"insert_new_menu","lineNumber":"36","message":{"trace_id": 20, "span_id": "RESTAURANT-20", "status_code": "", "method": "GET", "url": "http://workers/00001", "details": "request restaurant store menu"}}}
{"project_record": {"timestamp":"2021-11-12T07:56:24","service":"restaurant-service","level":"INFO","filename":"app.py","funcName":"insert_new_menu","lineNumber":"36","message":{"trace_id": 21, "span_id": "RESTAURANT-21", "status_code": "", "method": "GET", "url": "http://workers/00001", "details": "request restaurant store menu"}}}
{"project_record": {"timestamp":"2021-11-12T07:56:25","service":"restaurant-service","level":"INFO","filename":"app.py","funcName":"insert_new_menu","lineNumber":"36","message":{"trace_id": 22, "span_id": "RESTAURANT-22", "status_code": "", "method": "GET", "url": "http://workers/00001", "details": "request restaurant store menu"}}}
{"project_record": {"timestamp":"2021-11-12T07:56:26","service":"restaurant-service","level":"INFO","filename":"app.py","funcName":"insert_new_menu","lineNumber":"36","message":{"trace_id": 23, "span_id": "RESTAURANT-23", "status_code": "", "method": "GET", "url": "http://workers/00001", "details": "request restaurant store menu"}}}
{"project_record": {"timestamp":"2021-11-12T07:56:27","service":"restaurant-service","level":"INFO","filename":"app.py","funcName":"insert_new_menu","lineNumber":"36","message":{"trace_id": 24, "span_id": "RESTAURANT-24", "status_code": "", "method": "GET", "url": "http://workers/00001", "details": "request restaurant store menu"}}}
{"project_record": {"timestamp":"2021-11-12T07:56:27","service":"restaurant-service","level":"INFO","filename":"app.py","funcName":"insert_new_menu","lineNumber":"36","message":{"trace_id": 25, "span_id": "RESTAURANT-25", "status_code": "", "method": "GET", "url": "http://workers/00001", "details": "request restaurant store menu"}}}
{"project_record": {"timestamp":"2021-11-12T07:56:28","service":"restaurant-service","level":"INFO","filename":"app.py","funcName":"insert_new_menu","lineNumber":"36","message":{"trace_id": 26, "span_id": "RESTAURANT-26", "status_code": "", "method": "GET", "url": "http://workers/00001", "details": "request restaurant store menu"}}}
{"project_record": {"timestamp":"2021-11-12T07:57:20","service":"restaurant-service","level":"INFO","filename":"app.py","funcName":"insert_new_menu","lineNumber":"36","message":{"trace_id": 27, "span_id": "RESTAURANT-27", "status_code": "", "method": "GET", "url": "http://workers/00001", "details": "request restaurant store menu"}}}
{"project_record": {"timestamp":"2021-11-12T07:57:21","service":"restaurant-service","level":"INFO","filename":"app.py","funcName":"insert_new_menu","lineNumber":"36","message":{"trace_id": 28, "span_id": "RESTAURANT-28", "status_code": "", "method": "GET", "url": "http://workers/00001", "details": "request restaurant store menu"}}}
{"project_record": {"timestamp":"2021-11-12T08:43:37","service":"restaurant-service","level":"INFO","filename":"app.py","funcName":"insert_new_menu","lineNumber":"36","message":{"trace_id": 1, "span_id": "RESTAURANT-1", "status_code": "", "method": "GET", "url": "http://workers/00001", "details": "request restaurant store menu"}}}
{"project_record": {"timestamp":"2021-11-12T08:43:38","service":"restaurant-service","level":"INFO","filename":"app.py","funcName":"insert_new_menu","lineNumber":"36","message":{"trace_id": 2, "span_id": "RESTAURANT-2", "status_code": "", "method": "GET", "url": "http://workers/00001", "details": "request restaurant store menu"}}}
{"project_record": {"timestamp":"2021-11-12T08:43:39","service":"restaurant-service","level":"INFO","filename":"app.py","funcName":"insert_new_menu","lineNumber":"36","message":{"trace_id": 3, "span_id": "RESTAURANT-3", "status_code": "", "method": "GET", "url": "http://workers/00001", "details": "request restaurant store menu"}}}
{"project_record": {"timestamp":"2021-11-12T08:44:37","service":"restaurant-service","level":"INFO","filename":"app.py","funcName":"insert_new_menu","lineNumber":"36","message":{"trace_id": 4, "span_id": "RESTAURANT-4", "status_code": "", "method": "GET", "url": "http://workers/00001", "details": "request restaurant store menu"}}}
{"project_record": {"timestamp":"2021-11-12T08:44:56","service":"restaurant-service","level":"INFO","filename":"app.py","funcName":"insert_new_menu","lineNumber":"36","message":{"trace_id": 5, "span_id": "RESTAURANT-5", "status_code": "", "method": "GET", "url": "http://workers/00001", "details": "request restaurant store menu"}}}
{"project_record": {"timestamp":"2021-11-12T08:44:58","service":"restaurant-service","level":"INFO","filename":"app.py","funcName":"insert_new_menu","lineNumber":"36","message":{"trace_id": 6, "span_id": "RESTAURANT-6", "status_code": "", "method": "GET", "url": "http://workers/00001", "details": "request restaurant store menu"}}}
{"project_record": {"timestamp":"2021-11-12T08:44:59","service":"restaurant-service","level":"INFO","filename":"app.py","funcName":"insert_new_menu","lineNumber":"36","message":{"trace_id": 7, "span_id": "RESTAURANT-7", "status_code": "", "method": "GET", "url": "http://workers/00001", "details": "request restaurant store menu"}}}
{"project_record": {"timestamp":"2021-11-12T08:44:59","service":"restaurant-service","level":"INFO","filename":"app.py","funcName":"insert_new_menu","lineNumber":"36","message":{"trace_id": 8, "span_id": "RESTAURANT-8", "status_code": "", "method": "GET", "url": "http://workers/00001", "details": "request restaurant store menu"}}}
{"project_record": {"timestamp":"2021-11-12T08:45:00","service":"restaurant-service","level":"INFO","filename":"app.py","funcName":"insert_new_menu","lineNumber":"36","message":{"trace_id": 9, "span_id": "RESTAURANT-9", "status_code": "", "method": "GET", "url": "http://workers/00001", "details": "request restaurant store menu"}}}
{"project_record": {"timestamp":"2021-11-12T09:10:02","service":"restaurant-service","level":"INFO","filename":"app.py","funcName":"insert_new_menu","lineNumber":"36","message":{"trace_id": 4, "span_id": "RESTAURANT-1", "status_code": "", "method": "GET", "url": "http://workers/00001", "details": "request restaurant store menu"}}}
{"project_record": {"timestamp":"2021-11-12T09:10:02","service":"restaurant-service","level":"ERROR","filename":"app.py","funcName":"log_exception","lineNumber":"1457","message":Exception on /00001 [GET]}}
Traceback (most recent call last):
  File "/usr/local/lib/python3.10/site-packages/flask/app.py", line 2073, in wsgi_app
    response = self.full_dispatch_request()
  File "/usr/local/lib/python3.10/site-packages/flask/app.py", line 1518, in full_dispatch_request
    rv = self.handle_user_exception(e)
  File "/usr/local/lib/python3.10/site-packages/flask/app.py", line 1516, in full_dispatch_request
    rv = self.dispatch_request()
  File "/usr/local/lib/python3.10/site-packages/flask/app.py", line 1502, in dispatch_request
    return self.ensure_sync(self.view_functions[rule.endpoint])(**req.view_args)
  File "/code/app.py", line 27, in helper
    return jsonify(val), status
  File "/usr/local/lib/python3.10/site-packages/flask/json/__init__.py", line 355, in jsonify
    f"{dumps(data, indent=indent, separators=separators)}\n",
  File "/usr/local/lib/python3.10/site-packages/flask/json/__init__.py", line 133, in dumps
    rv = _json.dumps(obj, **kwargs)
  File "/usr/local/lib/python3.10/json/__init__.py", line 238, in dumps
    **kw).encode(obj)
  File "/usr/local/lib/python3.10/json/encoder.py", line 199, in encode
    chunks = self.iterencode(o, _one_shot=True)
  File "/usr/local/lib/python3.10/json/encoder.py", line 257, in iterencode
    return _iterencode(o, 0)
  File "/usr/local/lib/python3.10/site-packages/flask/json/__init__.py", line 57, in default
    return super().default(o)
  File "/usr/local/lib/python3.10/json/encoder.py", line 179, in default
    raise TypeError(f'Object of type {o.__class__.__name__} '
TypeError: Object of type Response is not JSON serializable
{"project_record": {"timestamp":"2021-11-12T09:10:59","service":"restaurant-service","level":"INFO","filename":"app.py","funcName":"insert_new_menu","lineNumber":"36","message":{"trace_id": 5, "span_id": "RESTAURANT-2", "status_code": "", "method": "GET", "url": "http://workers/00001", "details": "request restaurant store menu"}}}
{"project_record": {"timestamp":"2021-11-12T09:10:59","service":"restaurant-service","level":"ERROR","filename":"app.py","funcName":"log_exception","lineNumber":"1457","message":Exception on /00001 [GET]}}
Traceback (most recent call last):
  File "/usr/local/lib/python3.10/site-packages/flask/app.py", line 2073, in wsgi_app
    response = self.full_dispatch_request()
  File "/usr/local/lib/python3.10/site-packages/flask/app.py", line 1518, in full_dispatch_request
    rv = self.handle_user_exception(e)
  File "/usr/local/lib/python3.10/site-packages/flask/app.py", line 1516, in full_dispatch_request
    rv = self.dispatch_request()
  File "/usr/local/lib/python3.10/site-packages/flask/app.py", line 1502, in dispatch_request
    return self.ensure_sync(self.view_functions[rule.endpoint])(**req.view_args)
  File "/code/app.py", line 27, in helper
    return jsonify(val), status
  File "/usr/local/lib/python3.10/site-packages/flask/json/__init__.py", line 355, in jsonify
    f"{dumps(data, indent=indent, separators=separators)}\n",
  File "/usr/local/lib/python3.10/site-packages/flask/json/__init__.py", line 133, in dumps
    rv = _json.dumps(obj, **kwargs)
  File "/usr/local/lib/python3.10/json/__init__.py", line 238, in dumps
    **kw).encode(obj)
  File "/usr/local/lib/python3.10/json/encoder.py", line 199, in encode
    chunks = self.iterencode(o, _one_shot=True)
  File "/usr/local/lib/python3.10/json/encoder.py", line 257, in iterencode
    return _iterencode(o, 0)
  File "/usr/local/lib/python3.10/site-packages/flask/json/__init__.py", line 57, in default
    return super().default(o)
  File "/usr/local/lib/python3.10/json/encoder.py", line 179, in default
    raise TypeError(f'Object of type {o.__class__.__name__} '
TypeError: Object of type Response is not JSON serializable
{"project_record": {"timestamp":"2021-11-12T09:11:00","service":"restaurant-service","level":"INFO","filename":"app.py","funcName":"insert_new_menu","lineNumber":"36","message":{"trace_id": 6, "span_id": "RESTAURANT-3", "status_code": "", "method": "GET", "url": "http://workers/00001", "details": "request restaurant store menu"}}}
{"project_record": {"timestamp":"2021-11-12T09:11:00","service":"restaurant-service","level":"ERROR","filename":"app.py","funcName":"log_exception","lineNumber":"1457","message":Exception on /00001 [GET]}}
Traceback (most recent call last):
  File "/usr/local/lib/python3.10/site-packages/flask/app.py", line 2073, in wsgi_app
    response = self.full_dispatch_request()
  File "/usr/local/lib/python3.10/site-packages/flask/app.py", line 1518, in full_dispatch_request
    rv = self.handle_user_exception(e)
  File "/usr/local/lib/python3.10/site-packages/flask/app.py", line 1516, in full_dispatch_request
    rv = self.dispatch_request()
  File "/usr/local/lib/python3.10/site-packages/flask/app.py", line 1502, in dispatch_request
    return self.ensure_sync(self.view_functions[rule.endpoint])(**req.view_args)
  File "/code/app.py", line 27, in helper
    return jsonify(val), status
  File "/usr/local/lib/python3.10/site-packages/flask/json/__init__.py", line 355, in jsonify
    f"{dumps(data, indent=indent, separators=separators)}\n",
  File "/usr/local/lib/python3.10/site-packages/flask/json/__init__.py", line 133, in dumps
    rv = _json.dumps(obj, **kwargs)
  File "/usr/local/lib/python3.10/json/__init__.py", line 238, in dumps
    **kw).encode(obj)
  File "/usr/local/lib/python3.10/json/encoder.py", line 199, in encode
    chunks = self.iterencode(o, _one_shot=True)
  File "/usr/local/lib/python3.10/json/encoder.py", line 257, in iterencode
    return _iterencode(o, 0)
  File "/usr/local/lib/python3.10/site-packages/flask/json/__init__.py", line 57, in default
    return super().default(o)
  File "/usr/local/lib/python3.10/json/encoder.py", line 179, in default
    raise TypeError(f'Object of type {o.__class__.__name__} '
TypeError: Object of type Response is not JSON serializable
{"project_record": {"timestamp":"2021-11-12T18:41:39","service":"restaurant-service","level":"INFO","filename":"app.py","funcName":"insert_new_menu","lineNumber":"36","message":{"trace_id": 4, "span_id": "RESTAURANT-1", "status_code": "", "method": "GET", "url": "http://workers/00001", "details": "request restaurant store menu"}}}
{"project_record": {"timestamp":"2021-11-12T18:41:40","service":"restaurant-service","level":"INFO","filename":"app.py","funcName":"insert_new_menu","lineNumber":"36","message":{"trace_id": 5, "span_id": "RESTAURANT-2", "status_code": "", "method": "GET", "url": "http://workers/00001", "details": "request restaurant store menu"}}}
{"project_record": {"timestamp":"2021-11-12T18:41:40","service":"restaurant-service","level":"INFO","filename":"app.py","funcName":"insert_new_menu","lineNumber":"36","message":{"trace_id": 6, "span_id": "RESTAURANT-3", "status_code": "", "method": "GET", "url": "http://workers/00001", "details": "request restaurant store menu"}}}
{"project_record": {"timestamp":"2021-11-12T18:43:19","service":"restaurant-service","level":"INFO","filename":"app.py","funcName":"insert_new_menu","lineNumber":"36","message":{"trace_id": 17, "span_id": "RESTAURANT-4", "status_code": "", "method": "GET", "url": "http://workers/00001", "details": "request restaurant store menu"}}}
{"project_record": {"timestamp":"2021-11-12T18:43:28","service":"restaurant-service","level":"INFO","filename":"app.py","funcName":"insert_new_menu","lineNumber":"36","message":{"trace_id": 29, "span_id": "RESTAURANT-5", "status_code": "", "method": "GET", "url": "http://workers/00001", "details": "request restaurant store menu"}}}
