{"project_record": {"timestamp":"2021-11-12T09:09:38","service":"tracking-service","level":"INFO","filename":"app.py","funcName":"order_query","lineNumber":"48","message":{"trace_id": 1, "span_id": "TRACKING-1", "status_code": "", "method": "GET", "url": "http://workers/000011", "details": "request a order"}}}
{"project_record": {"timestamp":"2021-11-12T09:09:38","service":"tracking-service","level":"INFO","filename":"app.py","funcName":"access_order_service","lineNumber":"169","message":{"trace_id": 1, "span_id": "TRACKING-2", "status_code": "", "method": "GET", "url": "http://order-load-balancer:5510/000011", "details": "request order service"}}}
{"project_record": {"timestamp":"2021-11-12T09:09:38","service":"tracking-service","level":"INFO","filename":"app.py","funcName":"order_query","lineNumber":"72","message":{"trace_id": 1, "span_id": "TRACKING-3", "status_code": 502, "method": "", "url": "http://workers/000011", "details": "order service connection failed"}}}
{"project_record": {"timestamp":"2021-11-12T09:09:38","service":"tracking-service","level":"ERROR","filename":"app.py","funcName":"log_exception","lineNumber":"1457","message":Exception on /000011 [GET]}}
Traceback (most recent call last):
  File "/usr/local/lib/python3.10/site-packages/flask/app.py", line 2073, in wsgi_app
    response = self.full_dispatch_request()
  File "/usr/local/lib/python3.10/site-packages/flask/app.py", line 1518, in full_dispatch_request
    rv = self.handle_user_exception(e)
  File "/usr/local/lib/python3.10/site-packages/flask/app.py", line 1516, in full_dispatch_request
    rv = self.dispatch_request()
  File "/usr/local/lib/python3.10/site-packages/flask/app.py", line 1502, in dispatch_request
    return self.ensure_sync(self.view_functions[rule.endpoint])(**req.view_args)
  File "/code/app.py", line 39, in helper
    return jsonify(val), status
  File "/usr/local/lib/python3.10/site-packages/flask/json/__init__.py", line 355, in jsonify
    f"{dumps(data, indent=indent, separators=separators)}\n",
  File "/usr/local/lib/python3.10/site-packages/flask/json/__init__.py", line 133, in dumps
    rv = _json.dumps(obj, **kwargs)
  File "/usr/local/lib/python3.10/json/__init__.py", line 238, in dumps
    **kw).encode(obj)
  File "/usr/local/lib/python3.10/json/encoder.py", line 199, in encode
    chunks = self.iterencode(o, _one_shot=True)
  File "/usr/local/lib/python3.10/json/encoder.py", line 257, in iterencode
    return _iterencode(o, 0)
  File "/usr/local/lib/python3.10/site-packages/flask/json/__init__.py", line 57, in default
    return super().default(o)
  File "/usr/local/lib/python3.10/json/encoder.py", line 179, in default
    raise TypeError(f'Object of type {o.__class__.__name__} '
TypeError: Object of type Response is not JSON serializable
{"project_record": {"timestamp":"2021-11-12T09:09:39","service":"tracking-service","level":"INFO","filename":"app.py","funcName":"order_query","lineNumber":"48","message":{"trace_id": 2, "span_id": "TRACKING-4", "status_code": "", "method": "GET", "url": "http://workers/000011", "details": "request a order"}}}
{"project_record": {"timestamp":"2021-11-12T09:09:39","service":"tracking-service","level":"INFO","filename":"app.py","funcName":"access_order_service","lineNumber":"169","message":{"trace_id": 2, "span_id": "TRACKING-5", "status_code": "", "method": "GET", "url": "http://order-load-balancer:5510/000011", "details": "request order service"}}}
{"project_record": {"timestamp":"2021-11-12T09:09:39","service":"tracking-service","level":"INFO","filename":"app.py","funcName":"order_query","lineNumber":"72","message":{"trace_id": 2, "span_id": "TRACKING-6", "status_code": 502, "method": "", "url": "http://workers/000011", "details": "order service connection failed"}}}
{"project_record": {"timestamp":"2021-11-12T09:09:39","service":"tracking-service","level":"ERROR","filename":"app.py","funcName":"log_exception","lineNumber":"1457","message":Exception on /000011 [GET]}}
Traceback (most recent call last):
  File "/usr/local/lib/python3.10/site-packages/flask/app.py", line 2073, in wsgi_app
    response = self.full_dispatch_request()
  File "/usr/local/lib/python3.10/site-packages/flask/app.py", line 1518, in full_dispatch_request
    rv = self.handle_user_exception(e)
  File "/usr/local/lib/python3.10/site-packages/flask/app.py", line 1516, in full_dispatch_request
    rv = self.dispatch_request()
  File "/usr/local/lib/python3.10/site-packages/flask/app.py", line 1502, in dispatch_request
    return self.ensure_sync(self.view_functions[rule.endpoint])(**req.view_args)
  File "/code/app.py", line 39, in helper
    return jsonify(val), status
  File "/usr/local/lib/python3.10/site-packages/flask/json/__init__.py", line 355, in jsonify
    f"{dumps(data, indent=indent, separators=separators)}\n",
  File "/usr/local/lib/python3.10/site-packages/flask/json/__init__.py", line 133, in dumps
    rv = _json.dumps(obj, **kwargs)
  File "/usr/local/lib/python3.10/json/__init__.py", line 238, in dumps
    **kw).encode(obj)
  File "/usr/local/lib/python3.10/json/encoder.py", line 199, in encode
    chunks = self.iterencode(o, _one_shot=True)
  File "/usr/local/lib/python3.10/json/encoder.py", line 257, in iterencode
    return _iterencode(o, 0)
  File "/usr/local/lib/python3.10/site-packages/flask/json/__init__.py", line 57, in default
    return super().default(o)
  File "/usr/local/lib/python3.10/json/encoder.py", line 179, in default
    raise TypeError(f'Object of type {o.__class__.__name__} '
TypeError: Object of type Response is not JSON serializable
{"project_record": {"timestamp":"2021-11-12T09:09:40","service":"tracking-service","level":"INFO","filename":"app.py","funcName":"order_query","lineNumber":"48","message":{"trace_id": 3, "span_id": "TRACKING-7", "status_code": "", "method": "GET", "url": "http://workers/000011", "details": "request a order"}}}
{"project_record": {"timestamp":"2021-11-12T09:09:40","service":"tracking-service","level":"INFO","filename":"app.py","funcName":"access_order_service","lineNumber":"169","message":{"trace_id": 3, "span_id": "TRACKING-8", "status_code": "", "method": "GET", "url": "http://order-load-balancer:5510/000011", "details": "request order service"}}}
{"project_record": {"timestamp":"2021-11-12T09:09:40","service":"tracking-service","level":"INFO","filename":"app.py","funcName":"order_query","lineNumber":"72","message":{"trace_id": 3, "span_id": "TRACKING-9", "status_code": 502, "method": "", "url": "http://workers/000011", "details": "order service connection failed"}}}
{"project_record": {"timestamp":"2021-11-12T09:09:40","service":"tracking-service","level":"ERROR","filename":"app.py","funcName":"log_exception","lineNumber":"1457","message":Exception on /000011 [GET]}}
Traceback (most recent call last):
  File "/usr/local/lib/python3.10/site-packages/flask/app.py", line 2073, in wsgi_app
    response = self.full_dispatch_request()
  File "/usr/local/lib/python3.10/site-packages/flask/app.py", line 1518, in full_dispatch_request
    rv = self.handle_user_exception(e)
  File "/usr/local/lib/python3.10/site-packages/flask/app.py", line 1516, in full_dispatch_request
    rv = self.dispatch_request()
  File "/usr/local/lib/python3.10/site-packages/flask/app.py", line 1502, in dispatch_request
    return self.ensure_sync(self.view_functions[rule.endpoint])(**req.view_args)
  File "/code/app.py", line 39, in helper
    return jsonify(val), status
  File "/usr/local/lib/python3.10/site-packages/flask/json/__init__.py", line 355, in jsonify
    f"{dumps(data, indent=indent, separators=separators)}\n",
  File "/usr/local/lib/python3.10/site-packages/flask/json/__init__.py", line 133, in dumps
    rv = _json.dumps(obj, **kwargs)
  File "/usr/local/lib/python3.10/json/__init__.py", line 238, in dumps
    **kw).encode(obj)
  File "/usr/local/lib/python3.10/json/encoder.py", line 199, in encode
    chunks = self.iterencode(o, _one_shot=True)
  File "/usr/local/lib/python3.10/json/encoder.py", line 257, in iterencode
    return _iterencode(o, 0)
  File "/usr/local/lib/python3.10/site-packages/flask/json/__init__.py", line 57, in default
    return super().default(o)
  File "/usr/local/lib/python3.10/json/encoder.py", line 179, in default
    raise TypeError(f'Object of type {o.__class__.__name__} '
TypeError: Object of type Response is not JSON serializable
{"project_record": {"timestamp":"2021-11-12T09:11:26","service":"tracking-service","level":"INFO","filename":"app.py","funcName":"order_query","lineNumber":"48","message":{"trace_id": 7, "span_id": "TRACKING-10", "status_code": "", "method": "GET", "url": "http://workers/000011", "details": "request a order"}}}
{"project_record": {"timestamp":"2021-11-12T09:11:26","service":"tracking-service","level":"INFO","filename":"app.py","funcName":"access_order_service","lineNumber":"169","message":{"trace_id": 7, "span_id": "TRACKING-11", "status_code": "", "method": "GET", "url": "http://order-load-balancer:5510/000011", "details": "request order service"}}}
{"project_record": {"timestamp":"2021-11-12T09:11:26","service":"tracking-service","level":"INFO","filename":"app.py","funcName":"order_query","lineNumber":"72","message":{"trace_id": 7, "span_id": "TRACKING-12", "status_code": 502, "method": "", "url": "http://workers/000011", "details": "order service connection failed"}}}
{"project_record": {"timestamp":"2021-11-12T09:11:26","service":"tracking-service","level":"ERROR","filename":"app.py","funcName":"log_exception","lineNumber":"1457","message":Exception on /000011 [GET]}}
Traceback (most recent call last):
  File "/usr/local/lib/python3.10/site-packages/flask/app.py", line 2073, in wsgi_app
    response = self.full_dispatch_request()
  File "/usr/local/lib/python3.10/site-packages/flask/app.py", line 1518, in full_dispatch_request
    rv = self.handle_user_exception(e)
  File "/usr/local/lib/python3.10/site-packages/flask/app.py", line 1516, in full_dispatch_request
    rv = self.dispatch_request()
  File "/usr/local/lib/python3.10/site-packages/flask/app.py", line 1502, in dispatch_request
    return self.ensure_sync(self.view_functions[rule.endpoint])(**req.view_args)
  File "/code/app.py", line 39, in helper
    return jsonify(val), status
  File "/usr/local/lib/python3.10/site-packages/flask/json/__init__.py", line 355, in jsonify
    f"{dumps(data, indent=indent, separators=separators)}\n",
  File "/usr/local/lib/python3.10/site-packages/flask/json/__init__.py", line 133, in dumps
    rv = _json.dumps(obj, **kwargs)
  File "/usr/local/lib/python3.10/json/__init__.py", line 238, in dumps
    **kw).encode(obj)
  File "/usr/local/lib/python3.10/json/encoder.py", line 199, in encode
    chunks = self.iterencode(o, _one_shot=True)
  File "/usr/local/lib/python3.10/json/encoder.py", line 257, in iterencode
    return _iterencode(o, 0)
  File "/usr/local/lib/python3.10/site-packages/flask/json/__init__.py", line 57, in default
    return super().default(o)
  File "/usr/local/lib/python3.10/json/encoder.py", line 179, in default
    raise TypeError(f'Object of type {o.__class__.__name__} '
TypeError: Object of type Response is not JSON serializable
{"project_record": {"timestamp":"2021-11-12T09:11:27","service":"tracking-service","level":"INFO","filename":"app.py","funcName":"order_query","lineNumber":"48","message":{"trace_id": 8, "span_id": "TRACKING-13", "status_code": "", "method": "GET", "url": "http://workers/000011", "details": "request a order"}}}
{"project_record": {"timestamp":"2021-11-12T09:11:27","service":"tracking-service","level":"INFO","filename":"app.py","funcName":"access_order_service","lineNumber":"169","message":{"trace_id": 8, "span_id": "TRACKING-14", "status_code": "", "method": "GET", "url": "http://order-load-balancer:5510/000011", "details": "request order service"}}}
{"project_record": {"timestamp":"2021-11-12T09:11:27","service":"tracking-service","level":"INFO","filename":"app.py","funcName":"order_query","lineNumber":"72","message":{"trace_id": 8, "span_id": "TRACKING-15", "status_code": 502, "method": "", "url": "http://workers/000011", "details": "order service connection failed"}}}
{"project_record": {"timestamp":"2021-11-12T09:11:27","service":"tracking-service","level":"ERROR","filename":"app.py","funcName":"log_exception","lineNumber":"1457","message":Exception on /000011 [GET]}}
Traceback (most recent call last):
  File "/usr/local/lib/python3.10/site-packages/flask/app.py", line 2073, in wsgi_app
    response = self.full_dispatch_request()
  File "/usr/local/lib/python3.10/site-packages/flask/app.py", line 1518, in full_dispatch_request
    rv = self.handle_user_exception(e)
  File "/usr/local/lib/python3.10/site-packages/flask/app.py", line 1516, in full_dispatch_request
    rv = self.dispatch_request()
  File "/usr/local/lib/python3.10/site-packages/flask/app.py", line 1502, in dispatch_request
    return self.ensure_sync(self.view_functions[rule.endpoint])(**req.view_args)
  File "/code/app.py", line 39, in helper
    return jsonify(val), status
  File "/usr/local/lib/python3.10/site-packages/flask/json/__init__.py", line 355, in jsonify
    f"{dumps(data, indent=indent, separators=separators)}\n",
  File "/usr/local/lib/python3.10/site-packages/flask/json/__init__.py", line 133, in dumps
    rv = _json.dumps(obj, **kwargs)
  File "/usr/local/lib/python3.10/json/__init__.py", line 238, in dumps
    **kw).encode(obj)
  File "/usr/local/lib/python3.10/json/encoder.py", line 199, in encode
    chunks = self.iterencode(o, _one_shot=True)
  File "/usr/local/lib/python3.10/json/encoder.py", line 257, in iterencode
    return _iterencode(o, 0)
  File "/usr/local/lib/python3.10/site-packages/flask/json/__init__.py", line 57, in default
    return super().default(o)
  File "/usr/local/lib/python3.10/json/encoder.py", line 179, in default
    raise TypeError(f'Object of type {o.__class__.__name__} '
TypeError: Object of type Response is not JSON serializable
{"project_record": {"timestamp":"2021-11-12T09:13:03","service":"tracking-service","level":"INFO","filename":"app.py","funcName":"order_query","lineNumber":"48","message":{"trace_id": 1, "span_id": "TRACKING-1", "status_code": "", "method": "GET", "url": "http://workers/000011", "details": "request a order"}}}
{"project_record": {"timestamp":"2021-11-12T09:13:03","service":"tracking-service","level":"INFO","filename":"app.py","funcName":"access_order_service","lineNumber":"169","message":{"trace_id": 1, "span_id": "TRACKING-2", "status_code": "", "method": "GET", "url": "http://order-load-balancer:5510/000011", "details": "request order service"}}}
{"project_record": {"timestamp":"2021-11-12T09:13:07","service":"tracking-service","level":"INFO","filename":"app.py","funcName":"order_query","lineNumber":"72","message":{"trace_id": 1, "span_id": "TRACKING-3", "status_code": 504, "method": "", "url": "http://workers/000011", "details": "order service connection failed"}}}
{"project_record": {"timestamp":"2021-11-12T09:13:11","service":"tracking-service","level":"INFO","filename":"app.py","funcName":"order_query","lineNumber":"48","message":{"trace_id": 2, "span_id": "TRACKING-4", "status_code": "", "method": "GET", "url": "http://workers/000011", "details": "request a order"}}}
{"project_record": {"timestamp":"2021-11-12T09:13:11","service":"tracking-service","level":"INFO","filename":"app.py","funcName":"access_order_service","lineNumber":"169","message":{"trace_id": 2, "span_id": "TRACKING-5", "status_code": "", "method": "GET", "url": "http://order-load-balancer:5510/000011", "details": "request order service"}}}
{"project_record": {"timestamp":"2021-11-12T09:13:15","service":"tracking-service","level":"INFO","filename":"app.py","funcName":"order_query","lineNumber":"72","message":{"trace_id": 2, "span_id": "TRACKING-6", "status_code": 504, "method": "", "url": "http://workers/000011", "details": "order service connection failed"}}}
{"project_record": {"timestamp":"2021-11-12T09:13:30","service":"tracking-service","level":"INFO","filename":"app.py","funcName":"order_query","lineNumber":"48","message":{"trace_id": 3, "span_id": "TRACKING-7", "status_code": "", "method": "GET", "url": "http://workers/000011", "details": "request a order"}}}
{"project_record": {"timestamp":"2021-11-12T09:13:30","service":"tracking-service","level":"INFO","filename":"app.py","funcName":"access_order_service","lineNumber":"169","message":{"trace_id": 3, "span_id": "TRACKING-8", "status_code": "", "method": "GET", "url": "http://order-load-balancer:5510/000011", "details": "request order service"}}}
{"project_record": {"timestamp":"2021-11-12T09:13:34","service":"tracking-service","level":"INFO","filename":"app.py","funcName":"order_query","lineNumber":"72","message":{"trace_id": 3, "span_id": "TRACKING-9", "status_code": 504, "method": "", "url": "http://workers/000011", "details": "order service connection failed"}}}
{"project_record": {"timestamp":"2021-11-12T09:14:24","service":"tracking-service","level":"INFO","filename":"app.py","funcName":"order_query","lineNumber":"48","message":{"trace_id": 4, "span_id": "TRACKING-10", "status_code": "", "method": "GET", "url": "http://workers/000011", "details": "request a order"}}}
{"project_record": {"timestamp":"2021-11-12T09:14:24","service":"tracking-service","level":"INFO","filename":"app.py","funcName":"access_order_service","lineNumber":"169","message":{"trace_id": 4, "span_id": "TRACKING-11", "status_code": "", "method": "GET", "url": "http://order-load-balancer:5510/000011", "details": "request order service"}}}
{"project_record": {"timestamp":"2021-11-12T09:14:28","service":"tracking-service","level":"INFO","filename":"app.py","funcName":"order_query","lineNumber":"72","message":{"trace_id": 4, "span_id": "TRACKING-12", "status_code": 504, "method": "", "url": "http://workers/000011", "details": "order service connection failed"}}}
{"project_record": {"timestamp":"2021-11-12T09:14:29","service":"tracking-service","level":"INFO","filename":"app.py","funcName":"order_query","lineNumber":"48","message":{"trace_id": 5, "span_id": "TRACKING-13", "status_code": "", "method": "GET", "url": "http://workers/000011", "details": "request a order"}}}
{"project_record": {"timestamp":"2021-11-12T09:14:29","service":"tracking-service","level":"INFO","filename":"app.py","funcName":"access_order_service","lineNumber":"169","message":{"trace_id": 5, "span_id": "TRACKING-14", "status_code": "", "method": "GET", "url": "http://order-load-balancer:5510/000011", "details": "request order service"}}}
{"project_record": {"timestamp":"2021-11-12T09:14:33","service":"tracking-service","level":"INFO","filename":"app.py","funcName":"order_query","lineNumber":"72","message":{"trace_id": 5, "span_id": "TRACKING-15", "status_code": 504, "method": "", "url": "http://workers/000011", "details": "order service connection failed"}}}
{"project_record": {"timestamp":"2021-11-12T09:14:55","service":"tracking-service","level":"INFO","filename":"app.py","funcName":"order_query","lineNumber":"48","message":{"trace_id": 6, "span_id": "TRACKING-16", "status_code": "", "method": "GET", "url": "http://workers/000011", "details": "request a order"}}}
{"project_record": {"timestamp":"2021-11-12T09:14:55","service":"tracking-service","level":"INFO","filename":"app.py","funcName":"access_order_service","lineNumber":"169","message":{"trace_id": 6, "span_id": "TRACKING-17", "status_code": "", "method": "GET", "url": "http://order-load-balancer:5510/000011", "details": "request order service"}}}
{"project_record": {"timestamp":"2021-11-12T09:14:56","service":"tracking-service","level":"INFO","filename":"app.py","funcName":"order_query","lineNumber":"96","message":{"trace_id": 6, "span_id": "TRACKING-18", "status_code": 200, "method": "", "url": "http://workers/000011", "details": "request order success"}}}
{"project_record": {"timestamp":"2021-11-12T09:14:57","service":"tracking-service","level":"INFO","filename":"app.py","funcName":"order_query","lineNumber":"48","message":{"trace_id": 7, "span_id": "TRACKING-19", "status_code": "", "method": "GET", "url": "http://workers/000011", "details": "request a order"}}}
{"project_record": {"timestamp":"2021-11-12T09:14:57","service":"tracking-service","level":"INFO","filename":"app.py","funcName":"access_order_service","lineNumber":"169","message":{"trace_id": 7, "span_id": "TRACKING-20", "status_code": "", "method": "GET", "url": "http://order-load-balancer:5510/000011", "details": "request order service"}}}
{"project_record": {"timestamp":"2021-11-12T09:14:57","service":"tracking-service","level":"INFO","filename":"app.py","funcName":"order_query","lineNumber":"96","message":{"trace_id": 7, "span_id": "TRACKING-21", "status_code": 200, "method": "", "url": "http://workers/000011", "details": "request order success"}}}
{"project_record": {"timestamp":"2021-11-12T09:14:57","service":"tracking-service","level":"INFO","filename":"app.py","funcName":"order_query","lineNumber":"48","message":{"trace_id": 8, "span_id": "TRACKING-22", "status_code": "", "method": "GET", "url": "http://workers/000011", "details": "request a order"}}}
{"project_record": {"timestamp":"2021-11-12T09:14:57","service":"tracking-service","level":"INFO","filename":"app.py","funcName":"access_order_service","lineNumber":"169","message":{"trace_id": 8, "span_id": "TRACKING-23", "status_code": "", "method": "GET", "url": "http://order-load-balancer:5510/000011", "details": "request order service"}}}
{"project_record": {"timestamp":"2021-11-12T09:14:57","service":"tracking-service","level":"INFO","filename":"app.py","funcName":"order_query","lineNumber":"96","message":{"trace_id": 8, "span_id": "TRACKING-24", "status_code": 200, "method": "", "url": "http://workers/000011", "details": "request order success"}}}
{"project_record": {"timestamp":"2021-11-12T09:14:58","service":"tracking-service","level":"INFO","filename":"app.py","funcName":"order_query","lineNumber":"48","message":{"trace_id": 9, "span_id": "TRACKING-25", "status_code": "", "method": "GET", "url": "http://workers/000011", "details": "request a order"}}}
{"project_record": {"timestamp":"2021-11-12T09:14:58","service":"tracking-service","level":"INFO","filename":"app.py","funcName":"access_order_service","lineNumber":"169","message":{"trace_id": 9, "span_id": "TRACKING-26", "status_code": "", "method": "GET", "url": "http://order-load-balancer:5510/000011", "details": "request order service"}}}
{"project_record": {"timestamp":"2021-11-12T09:14:58","service":"tracking-service","level":"INFO","filename":"app.py","funcName":"order_query","lineNumber":"96","message":{"trace_id": 9, "span_id": "TRACKING-27", "status_code": 200, "method": "", "url": "http://workers/000011", "details": "request order success"}}}
{"project_record": {"timestamp":"2021-11-12T09:14:59","service":"tracking-service","level":"INFO","filename":"app.py","funcName":"order_query","lineNumber":"48","message":{"trace_id": 10, "span_id": "TRACKING-28", "status_code": "", "method": "GET", "url": "http://workers/000011", "details": "request a order"}}}
{"project_record": {"timestamp":"2021-11-12T09:14:59","service":"tracking-service","level":"INFO","filename":"app.py","funcName":"access_order_service","lineNumber":"169","message":{"trace_id": 10, "span_id": "TRACKING-29", "status_code": "", "method": "GET", "url": "http://order-load-balancer:5510/000011", "details": "request order service"}}}
{"project_record": {"timestamp":"2021-11-12T09:14:59","service":"tracking-service","level":"INFO","filename":"app.py","funcName":"order_query","lineNumber":"96","message":{"trace_id": 10, "span_id": "TRACKING-30", "status_code": 200, "method": "", "url": "http://workers/000011", "details": "request order success"}}}
{"project_record": {"timestamp":"2021-11-12T09:14:59","service":"tracking-service","level":"INFO","filename":"app.py","funcName":"order_query","lineNumber":"48","message":{"trace_id": 11, "span_id": "TRACKING-31", "status_code": "", "method": "GET", "url": "http://workers/000011", "details": "request a order"}}}
{"project_record": {"timestamp":"2021-11-12T09:14:59","service":"tracking-service","level":"INFO","filename":"app.py","funcName":"access_order_service","lineNumber":"169","message":{"trace_id": 11, "span_id": "TRACKING-32", "status_code": "", "method": "GET", "url": "http://order-load-balancer:5510/000011", "details": "request order service"}}}
{"project_record": {"timestamp":"2021-11-12T09:14:59","service":"tracking-service","level":"INFO","filename":"app.py","funcName":"order_query","lineNumber":"96","message":{"trace_id": 11, "span_id": "TRACKING-33", "status_code": 200, "method": "", "url": "http://workers/000011", "details": "request order success"}}}
{"project_record": {"timestamp":"2021-11-12T09:15:01","service":"tracking-service","level":"INFO","filename":"app.py","funcName":"order_query","lineNumber":"48","message":{"trace_id": 12, "span_id": "TRACKING-34", "status_code": "", "method": "GET", "url": "http://workers/000011", "details": "request a order"}}}
{"project_record": {"timestamp":"2021-11-12T09:15:01","service":"tracking-service","level":"INFO","filename":"app.py","funcName":"access_order_service","lineNumber":"169","message":{"trace_id": 12, "span_id": "TRACKING-35", "status_code": "", "method": "GET", "url": "http://order-load-balancer:5510/000011", "details": "request order service"}}}
{"project_record": {"timestamp":"2021-11-12T09:15:01","service":"tracking-service","level":"INFO","filename":"app.py","funcName":"order_query","lineNumber":"96","message":{"trace_id": 12, "span_id": "TRACKING-36", "status_code": 200, "method": "", "url": "http://workers/000011", "details": "request order success"}}}
{"project_record": {"timestamp":"2021-11-12T09:15:02","service":"tracking-service","level":"INFO","filename":"app.py","funcName":"order_query","lineNumber":"48","message":{"trace_id": 13, "span_id": "TRACKING-37", "status_code": "", "method": "GET", "url": "http://workers/000011", "details": "request a order"}}}
{"project_record": {"timestamp":"2021-11-12T09:15:02","service":"tracking-service","level":"INFO","filename":"app.py","funcName":"access_order_service","lineNumber":"169","message":{"trace_id": 13, "span_id": "TRACKING-38", "status_code": "", "method": "GET", "url": "http://order-load-balancer:5510/000011", "details": "request order service"}}}
{"project_record": {"timestamp":"2021-11-12T09:15:02","service":"tracking-service","level":"INFO","filename":"app.py","funcName":"order_query","lineNumber":"96","message":{"trace_id": 13, "span_id": "TRACKING-39", "status_code": 200, "method": "", "url": "http://workers/000011", "details": "request order success"}}}
{"project_record": {"timestamp":"2021-11-12T09:15:02","service":"tracking-service","level":"INFO","filename":"app.py","funcName":"order_query","lineNumber":"48","message":{"trace_id": 14, "span_id": "TRACKING-40", "status_code": "", "method": "GET", "url": "http://workers/000011", "details": "request a order"}}}
{"project_record": {"timestamp":"2021-11-12T09:15:02","service":"tracking-service","level":"INFO","filename":"app.py","funcName":"access_order_service","lineNumber":"169","message":{"trace_id": 14, "span_id": "TRACKING-41", "status_code": "", "method": "GET", "url": "http://order-load-balancer:5510/000011", "details": "request order service"}}}
{"project_record": {"timestamp":"2021-11-12T09:15:02","service":"tracking-service","level":"INFO","filename":"app.py","funcName":"order_query","lineNumber":"96","message":{"trace_id": 14, "span_id": "TRACKING-42", "status_code": 200, "method": "", "url": "http://workers/000011", "details": "request order success"}}}
{"project_record": {"timestamp":"2021-11-12T09:15:03","service":"tracking-service","level":"INFO","filename":"app.py","funcName":"order_query","lineNumber":"48","message":{"trace_id": 15, "span_id": "TRACKING-43", "status_code": "", "method": "GET", "url": "http://workers/000011", "details": "request a order"}}}
{"project_record": {"timestamp":"2021-11-12T09:15:03","service":"tracking-service","level":"INFO","filename":"app.py","funcName":"access_order_service","lineNumber":"169","message":{"trace_id": 15, "span_id": "TRACKING-44", "status_code": "", "method": "GET", "url": "http://order-load-balancer:5510/000011", "details": "request order service"}}}
{"project_record": {"timestamp":"2021-11-12T09:15:03","service":"tracking-service","level":"INFO","filename":"app.py","funcName":"order_query","lineNumber":"96","message":{"trace_id": 15, "span_id": "TRACKING-45", "status_code": 200, "method": "", "url": "http://workers/000011", "details": "request order success"}}}
{"project_record": {"timestamp":"2021-11-12T09:15:03","service":"tracking-service","level":"INFO","filename":"app.py","funcName":"order_query","lineNumber":"48","message":{"trace_id": 16, "span_id": "TRACKING-46", "status_code": "", "method": "GET", "url": "http://workers/000011", "details": "request a order"}}}
{"project_record": {"timestamp":"2021-11-12T09:15:03","service":"tracking-service","level":"INFO","filename":"app.py","funcName":"access_order_service","lineNumber":"169","message":{"trace_id": 16, "span_id": "TRACKING-47", "status_code": "", "method": "GET", "url": "http://order-load-balancer:5510/000011", "details": "request order service"}}}
{"project_record": {"timestamp":"2021-11-12T09:15:03","service":"tracking-service","level":"INFO","filename":"app.py","funcName":"order_query","lineNumber":"96","message":{"trace_id": 16, "span_id": "TRACKING-48", "status_code": 200, "method": "", "url": "http://workers/000011", "details": "request order success"}}}
{"project_record": {"timestamp":"2021-11-12T09:15:03","service":"tracking-service","level":"INFO","filename":"app.py","funcName":"order_query","lineNumber":"48","message":{"trace_id": 17, "span_id": "TRACKING-49", "status_code": "", "method": "GET", "url": "http://workers/000011", "details": "request a order"}}}
{"project_record": {"timestamp":"2021-11-12T09:15:03","service":"tracking-service","level":"INFO","filename":"app.py","funcName":"access_order_service","lineNumber":"169","message":{"trace_id": 17, "span_id": "TRACKING-50", "status_code": "", "method": "GET", "url": "http://order-load-balancer:5510/000011", "details": "request order service"}}}
{"project_record": {"timestamp":"2021-11-12T09:15:04","service":"tracking-service","level":"INFO","filename":"app.py","funcName":"order_query","lineNumber":"96","message":{"trace_id": 17, "span_id": "TRACKING-51", "status_code": 200, "method": "", "url": "http://workers/000011", "details": "request order success"}}}
{"project_record": {"timestamp":"2021-11-12T09:16:22","service":"tracking-service","level":"INFO","filename":"app.py","funcName":"order_query","lineNumber":"48","message":{"trace_id": 18, "span_id": "TRACKING-52", "status_code": "", "method": "GET", "url": "http://workers/000011", "details": "request a order"}}}
{"project_record": {"timestamp":"2021-11-12T09:16:22","service":"tracking-service","level":"INFO","filename":"app.py","funcName":"access_order_service","lineNumber":"169","message":{"trace_id": 18, "span_id": "TRACKING-53", "status_code": "", "method": "GET", "url": "http://order-load-balancer:5510/000011", "details": "request order service"}}}
{"project_record": {"timestamp":"2021-11-12T09:16:22","service":"tracking-service","level":"INFO","filename":"app.py","funcName":"order_query","lineNumber":"96","message":{"trace_id": 18, "span_id": "TRACKING-54", "status_code": 200, "method": "", "url": "http://workers/000011", "details": "request order success"}}}
{"project_record": {"timestamp":"2021-11-12T09:16:26","service":"tracking-service","level":"INFO","filename":"app.py","funcName":"order_query","lineNumber":"48","message":{"trace_id": 19, "span_id": "TRACKING-55", "status_code": "", "method": "GET", "url": "http://workers/000011", "details": "request a order"}}}
{"project_record": {"timestamp":"2021-11-12T09:16:26","service":"tracking-service","level":"INFO","filename":"app.py","funcName":"access_order_service","lineNumber":"169","message":{"trace_id": 19, "span_id": "TRACKING-56", "status_code": "", "method": "GET", "url": "http://order-load-balancer:5510/000011", "details": "request order service"}}}
{"project_record": {"timestamp":"2021-11-12T09:16:26","service":"tracking-service","level":"INFO","filename":"app.py","funcName":"order_query","lineNumber":"96","message":{"trace_id": 19, "span_id": "TRACKING-57", "status_code": 200, "method": "", "url": "http://workers/000011", "details": "request order success"}}}
{"project_record": {"timestamp":"2021-11-12T09:16:27","service":"tracking-service","level":"INFO","filename":"app.py","funcName":"order_query","lineNumber":"48","message":{"trace_id": 20, "span_id": "TRACKING-58", "status_code": "", "method": "GET", "url": "http://workers/000011", "details": "request a order"}}}
{"project_record": {"timestamp":"2021-11-12T09:16:27","service":"tracking-service","level":"INFO","filename":"app.py","funcName":"access_order_service","lineNumber":"169","message":{"trace_id": 20, "span_id": "TRACKING-59", "status_code": "", "method": "GET", "url": "http://order-load-balancer:5510/000011", "details": "request order service"}}}
{"project_record": {"timestamp":"2021-11-12T09:16:27","service":"tracking-service","level":"INFO","filename":"app.py","funcName":"order_query","lineNumber":"96","message":{"trace_id": 20, "span_id": "TRACKING-60", "status_code": 200, "method": "", "url": "http://workers/000011", "details": "request order success"}}}
{"project_record": {"timestamp":"2021-11-12T09:16:31","service":"tracking-service","level":"INFO","filename":"app.py","funcName":"order_query","lineNumber":"48","message":{"trace_id": 21, "span_id": "TRACKING-61", "status_code": "", "method": "GET", "url": "http://workers/000011", "details": "request a order"}}}
{"project_record": {"timestamp":"2021-11-12T09:16:31","service":"tracking-service","level":"INFO","filename":"app.py","funcName":"access_order_service","lineNumber":"169","message":{"trace_id": 21, "span_id": "TRACKING-62", "status_code": "", "method": "GET", "url": "http://order-load-balancer:5510/000011", "details": "request order service"}}}
{"project_record": {"timestamp":"2021-11-12T09:16:31","service":"tracking-service","level":"INFO","filename":"app.py","funcName":"order_query","lineNumber":"96","message":{"trace_id": 21, "span_id": "TRACKING-63", "status_code": 200, "method": "", "url": "http://workers/000011", "details": "request order success"}}}
{"project_record": {"timestamp":"2021-11-12T09:16:32","service":"tracking-service","level":"INFO","filename":"app.py","funcName":"order_query","lineNumber":"48","message":{"trace_id": 22, "span_id": "TRACKING-64", "status_code": "", "method": "GET", "url": "http://workers/000011", "details": "request a order"}}}
{"project_record": {"timestamp":"2021-11-12T09:16:32","service":"tracking-service","level":"INFO","filename":"app.py","funcName":"access_order_service","lineNumber":"169","message":{"trace_id": 22, "span_id": "TRACKING-65", "status_code": "", "method": "GET", "url": "http://order-load-balancer:5510/000011", "details": "request order service"}}}
{"project_record": {"timestamp":"2021-11-12T09:16:32","service":"tracking-service","level":"INFO","filename":"app.py","funcName":"order_query","lineNumber":"96","message":{"trace_id": 22, "span_id": "TRACKING-66", "status_code": 200, "method": "", "url": "http://workers/000011", "details": "request order success"}}}
{"project_record": {"timestamp":"2021-11-12T09:16:33","service":"tracking-service","level":"INFO","filename":"app.py","funcName":"order_query","lineNumber":"48","message":{"trace_id": 23, "span_id": "TRACKING-67", "status_code": "", "method": "GET", "url": "http://workers/000011", "details": "request a order"}}}
{"project_record": {"timestamp":"2021-11-12T09:16:33","service":"tracking-service","level":"INFO","filename":"app.py","funcName":"access_order_service","lineNumber":"169","message":{"trace_id": 23, "span_id": "TRACKING-68", "status_code": "", "method": "GET", "url": "http://order-load-balancer:5510/000011", "details": "request order service"}}}
{"project_record": {"timestamp":"2021-11-12T09:16:33","service":"tracking-service","level":"INFO","filename":"app.py","funcName":"order_query","lineNumber":"96","message":{"trace_id": 23, "span_id": "TRACKING-69", "status_code": 200, "method": "", "url": "http://workers/000011", "details": "request order success"}}}
{"project_record": {"timestamp":"2021-11-12T09:16:33","service":"tracking-service","level":"INFO","filename":"app.py","funcName":"order_query","lineNumber":"48","message":{"trace_id": 24, "span_id": "TRACKING-70", "status_code": "", "method": "GET", "url": "http://workers/000011", "details": "request a order"}}}
{"project_record": {"timestamp":"2021-11-12T09:16:33","service":"tracking-service","level":"INFO","filename":"app.py","funcName":"access_order_service","lineNumber":"169","message":{"trace_id": 24, "span_id": "TRACKING-71", "status_code": "", "method": "GET", "url": "http://order-load-balancer:5510/000011", "details": "request order service"}}}
{"project_record": {"timestamp":"2021-11-12T09:16:33","service":"tracking-service","level":"INFO","filename":"app.py","funcName":"order_query","lineNumber":"96","message":{"trace_id": 24, "span_id": "TRACKING-72", "status_code": 200, "method": "", "url": "http://workers/000011", "details": "request order success"}}}
{"project_record": {"timestamp":"2021-11-12T18:39:59","service":"tracking-service","level":"INFO","filename":"app.py","funcName":"order_query","lineNumber":"48","message":{"trace_id": 1, "span_id": "TRACKING-1", "status_code": "", "method": "GET", "url": "http://workers/000011", "details": "request a order"}}}
{"project_record": {"timestamp":"2021-11-12T18:39:59","service":"tracking-service","level":"INFO","filename":"app.py","funcName":"access_order_service","lineNumber":"169","message":{"trace_id": 1, "span_id": "TRACKING-2", "status_code": "", "method": "GET", "url": "http://order-load-balancer:5510/000011", "details": "request order service"}}}
{"project_record": {"timestamp":"2021-11-12T18:39:59","service":"tracking-service","level":"INFO","filename":"app.py","funcName":"order_query","lineNumber":"96","message":{"trace_id": 1, "span_id": "TRACKING-3", "status_code": 200, "method": "", "url": "http://workers/000011", "details": "request order success"}}}
{"project_record": {"timestamp":"2021-11-12T18:40:00","service":"tracking-service","level":"INFO","filename":"app.py","funcName":"order_query","lineNumber":"48","message":{"trace_id": 2, "span_id": "TRACKING-4", "status_code": "", "method": "GET", "url": "http://workers/000011", "details": "request a order"}}}
{"project_record": {"timestamp":"2021-11-12T18:40:00","service":"tracking-service","level":"INFO","filename":"app.py","funcName":"access_order_service","lineNumber":"169","message":{"trace_id": 2, "span_id": "TRACKING-5", "status_code": "", "method": "GET", "url": "http://order-load-balancer:5510/000011", "details": "request order service"}}}
{"project_record": {"timestamp":"2021-11-12T18:40:00","service":"tracking-service","level":"INFO","filename":"app.py","funcName":"order_query","lineNumber":"96","message":{"trace_id": 2, "span_id": "TRACKING-6", "status_code": 200, "method": "", "url": "http://workers/000011", "details": "request order success"}}}
{"project_record": {"timestamp":"2021-11-12T18:40:01","service":"tracking-service","level":"INFO","filename":"app.py","funcName":"order_query","lineNumber":"48","message":{"trace_id": 3, "span_id": "TRACKING-7", "status_code": "", "method": "GET", "url": "http://workers/000011", "details": "request a order"}}}
{"project_record": {"timestamp":"2021-11-12T18:40:01","service":"tracking-service","level":"INFO","filename":"app.py","funcName":"access_order_service","lineNumber":"169","message":{"trace_id": 3, "span_id": "TRACKING-8", "status_code": "", "method": "GET", "url": "http://order-load-balancer:5510/000011", "details": "request order service"}}}
{"project_record": {"timestamp":"2021-11-12T18:40:01","service":"tracking-service","level":"INFO","filename":"app.py","funcName":"order_query","lineNumber":"96","message":{"trace_id": 3, "span_id": "TRACKING-9", "status_code": 200, "method": "", "url": "http://workers/000011", "details": "request order success"}}}
{"project_record": {"timestamp":"2021-11-12T18:40:01","service":"tracking-service","level":"INFO","filename":"app.py","funcName":"order_query","lineNumber":"48","message":{"trace_id": 4, "span_id": "TRACKING-10", "status_code": "", "method": "GET", "url": "http://workers/000011", "details": "request a order"}}}
{"project_record": {"timestamp":"2021-11-12T18:40:01","service":"tracking-service","level":"INFO","filename":"app.py","funcName":"access_order_service","lineNumber":"169","message":{"trace_id": 4, "span_id": "TRACKING-11", "status_code": "", "method": "GET", "url": "http://order-load-balancer:5510/000011", "details": "request order service"}}}
{"project_record": {"timestamp":"2021-11-12T18:40:01","service":"tracking-service","level":"INFO","filename":"app.py","funcName":"order_query","lineNumber":"96","message":{"trace_id": 4, "span_id": "TRACKING-12", "status_code": 200, "method": "", "url": "http://workers/000011", "details": "request order success"}}}
{"project_record": {"timestamp":"2021-11-12T18:41:35","service":"tracking-service","level":"INFO","filename":"app.py","funcName":"order_query","lineNumber":"48","message":{"trace_id": 1, "span_id": "TRACKING-1", "status_code": "", "method": "GET", "url": "http://workers/000011", "details": "request a order"}}}
{"project_record": {"timestamp":"2021-11-12T18:41:35","service":"tracking-service","level":"INFO","filename":"app.py","funcName":"access_order_service","lineNumber":"169","message":{"trace_id": 1, "span_id": "TRACKING-2", "status_code": "", "method": "GET", "url": "http://order-load-balancer:5510/000011", "details": "request order service"}}}
{"project_record": {"timestamp":"2021-11-12T18:41:35","service":"tracking-service","level":"INFO","filename":"app.py","funcName":"order_query","lineNumber":"96","message":{"trace_id": 1, "span_id": "TRACKING-3", "status_code": 200, "method": "", "url": "http://workers/000011", "details": "request order success"}}}
{"project_record": {"timestamp":"2021-11-12T18:41:37","service":"tracking-service","level":"INFO","filename":"app.py","funcName":"order_query","lineNumber":"48","message":{"trace_id": 2, "span_id": "TRACKING-4", "status_code": "", "method": "GET", "url": "http://workers/000011", "details": "request a order"}}}
{"project_record": {"timestamp":"2021-11-12T18:41:37","service":"tracking-service","level":"INFO","filename":"app.py","funcName":"access_order_service","lineNumber":"169","message":{"trace_id": 2, "span_id": "TRACKING-5", "status_code": "", "method": "GET", "url": "http://order-load-balancer:5510/000011", "details": "request order service"}}}
{"project_record": {"timestamp":"2021-11-12T18:41:37","service":"tracking-service","level":"INFO","filename":"app.py","funcName":"order_query","lineNumber":"96","message":{"trace_id": 2, "span_id": "TRACKING-6", "status_code": 200, "method": "", "url": "http://workers/000011", "details": "request order success"}}}
{"project_record": {"timestamp":"2021-11-12T18:41:37","service":"tracking-service","level":"INFO","filename":"app.py","funcName":"order_query","lineNumber":"48","message":{"trace_id": 3, "span_id": "TRACKING-7", "status_code": "", "method": "GET", "url": "http://workers/000011", "details": "request a order"}}}
{"project_record": {"timestamp":"2021-11-12T18:41:37","service":"tracking-service","level":"INFO","filename":"app.py","funcName":"access_order_service","lineNumber":"169","message":{"trace_id": 3, "span_id": "TRACKING-8", "status_code": "", "method": "GET", "url": "http://order-load-balancer:5510/000011", "details": "request order service"}}}
{"project_record": {"timestamp":"2021-11-12T18:41:37","service":"tracking-service","level":"INFO","filename":"app.py","funcName":"order_query","lineNumber":"96","message":{"trace_id": 3, "span_id": "TRACKING-9", "status_code": 200, "method": "", "url": "http://workers/000011", "details": "request order success"}}}
{"project_record": {"timestamp":"2021-11-12T18:41:42","service":"tracking-service","level":"INFO","filename":"app.py","funcName":"order_query","lineNumber":"48","message":{"trace_id": 7, "span_id": "TRACKING-10", "status_code": "", "method": "GET", "url": "http://workers/000011", "details": "request a order"}}}
{"project_record": {"timestamp":"2021-11-12T18:41:42","service":"tracking-service","level":"INFO","filename":"app.py","funcName":"access_order_service","lineNumber":"169","message":{"trace_id": 7, "span_id": "TRACKING-11", "status_code": "", "method": "GET", "url": "http://order-load-balancer:5510/000011", "details": "request order service"}}}
{"project_record": {"timestamp":"2021-11-12T18:41:42","service":"tracking-service","level":"INFO","filename":"app.py","funcName":"order_query","lineNumber":"96","message":{"trace_id": 7, "span_id": "TRACKING-12", "status_code": 200, "method": "", "url": "http://workers/000011", "details": "request order success"}}}
{"project_record": {"timestamp":"2021-11-12T18:41:43","service":"tracking-service","level":"INFO","filename":"app.py","funcName":"order_query","lineNumber":"48","message":{"trace_id": 8, "span_id": "TRACKING-13", "status_code": "", "method": "GET", "url": "http://workers/000011", "details": "request a order"}}}
{"project_record": {"timestamp":"2021-11-12T18:41:43","service":"tracking-service","level":"INFO","filename":"app.py","funcName":"access_order_service","lineNumber":"169","message":{"trace_id": 8, "span_id": "TRACKING-14", "status_code": "", "method": "GET", "url": "http://order-load-balancer:5510/000011", "details": "request order service"}}}
{"project_record": {"timestamp":"2021-11-12T18:41:43","service":"tracking-service","level":"INFO","filename":"app.py","funcName":"order_query","lineNumber":"96","message":{"trace_id": 8, "span_id": "TRACKING-15", "status_code": 200, "method": "", "url": "http://workers/000011", "details": "request order success"}}}
{"project_record": {"timestamp":"2021-11-12T18:41:43","service":"tracking-service","level":"INFO","filename":"app.py","funcName":"order_query","lineNumber":"48","message":{"trace_id": 9, "span_id": "TRACKING-16", "status_code": "", "method": "GET", "url": "http://workers/000011", "details": "request a order"}}}
{"project_record": {"timestamp":"2021-11-12T18:41:43","service":"tracking-service","level":"INFO","filename":"app.py","funcName":"access_order_service","lineNumber":"169","message":{"trace_id": 9, "span_id": "TRACKING-17", "status_code": "", "method": "GET", "url": "http://order-load-balancer:5510/000011", "details": "request order service"}}}
{"project_record": {"timestamp":"2021-11-12T18:41:43","service":"tracking-service","level":"INFO","filename":"app.py","funcName":"order_query","lineNumber":"96","message":{"trace_id": 9, "span_id": "TRACKING-18", "status_code": 200, "method": "", "url": "http://workers/000011", "details": "request order success"}}}
{"project_record": {"timestamp":"2021-11-12T18:41:48","service":"tracking-service","level":"INFO","filename":"app.py","funcName":"add_order","lineNumber":"112","message":{"trace_id": 10, "span_id": "TRACKING-19", "status_code": "", "method": "POST", "url": "http://workers/", "details": "request create a new order"}}}
{"project_record": {"timestamp":"2021-11-12T18:41:48","service":"tracking-service","level":"INFO","filename":"app.py","funcName":"add_order","lineNumber":"130","message":{"trace_id": 10, "span_id": "TRACKING-20", "status_code": 201, "method": "", "url": "http://workers/", "details": "request order-updated Event Created"}}}
{"project_record": {"timestamp":"2021-11-12T18:41:53","service":"tracking-service","level":"INFO","filename":"app.py","funcName":"order_query","lineNumber":"48","message":{"trace_id": 11, "span_id": "TRACKING-21", "status_code": "", "method": "GET", "url": "http://workers/9137009064977429321", "details": "request a order"}}}
{"project_record": {"timestamp":"2021-11-12T18:41:53","service":"tracking-service","level":"INFO","filename":"app.py","funcName":"access_order_service","lineNumber":"169","message":{"trace_id": 11, "span_id": "TRACKING-22", "status_code": "", "method": "GET", "url": "http://order-load-balancer:5510/9137009064977429321", "details": "request order service"}}}
{"project_record": {"timestamp":"2021-11-12T18:41:53","service":"tracking-service","level":"INFO","filename":"app.py","funcName":"order_query","lineNumber":"96","message":{"trace_id": 11, "span_id": "TRACKING-23", "status_code": 200, "method": "", "url": "http://workers/9137009064977429321", "details": "request order success"}}}
{"project_record": {"timestamp":"2021-11-12T18:41:57","service":"tracking-service","level":"INFO","filename":"app.py","funcName":"update_order_status","lineNumber":"146","message":{"trace_id": 12, "span_id": "TRACKING-24", "status_code": "", "method": "POST", "url": "http://localhost:5401/9137009064977429321/status", "details": "request update order status"}}}
{"project_record": {"timestamp":"2021-11-12T18:42:00","service":"tracking-service","level":"INFO","filename":"app.py","funcName":"order_query","lineNumber":"48","message":{"trace_id": 13, "span_id": "TRACKING-25", "status_code": "", "method": "GET", "url": "http://workers/9137009064977429321", "details": "request a order"}}}
{"project_record": {"timestamp":"2021-11-12T18:42:00","service":"tracking-service","level":"INFO","filename":"app.py","funcName":"access_order_service","lineNumber":"169","message":{"trace_id": 13, "span_id": "TRACKING-26", "status_code": "", "method": "GET", "url": "http://order-load-balancer:5510/9137009064977429321", "details": "request order service"}}}
{"project_record": {"timestamp":"2021-11-12T18:42:00","service":"tracking-service","level":"INFO","filename":"app.py","funcName":"order_query","lineNumber":"96","message":{"trace_id": 13, "span_id": "TRACKING-27", "status_code": 200, "method": "", "url": "http://workers/9137009064977429321", "details": "request order success"}}}
{"project_record": {"timestamp":"2021-11-12T18:43:20","service":"tracking-service","level":"INFO","filename":"app.py","funcName":"order_query","lineNumber":"48","message":{"trace_id": 21, "span_id": "TRACKING-28", "status_code": "", "method": "GET", "url": "http://workers/000011", "details": "request a order"}}}
{"project_record": {"timestamp":"2021-11-12T18:43:20","service":"tracking-service","level":"INFO","filename":"app.py","funcName":"access_order_service","lineNumber":"169","message":{"trace_id": 21, "span_id": "TRACKING-29", "status_code": "", "method": "GET", "url": "http://order-load-balancer:5510/000011", "details": "request order service"}}}
{"project_record": {"timestamp":"2021-11-12T18:43:20","service":"tracking-service","level":"INFO","filename":"app.py","funcName":"order_query","lineNumber":"96","message":{"trace_id": 21, "span_id": "TRACKING-30", "status_code": 200, "method": "", "url": "http://workers/000011", "details": "request order success"}}}
{"project_record": {"timestamp":"2021-11-12T18:43:20","service":"tracking-service","level":"INFO","filename":"app.py","funcName":"add_order","lineNumber":"112","message":{"trace_id": 23, "span_id": "TRACKING-31", "status_code": "", "method": "POST", "url": "http://workers/", "details": "request create a new order"}}}
{"project_record": {"timestamp":"2021-11-12T18:43:20","service":"tracking-service","level":"INFO","filename":"app.py","funcName":"add_order","lineNumber":"130","message":{"trace_id": 23, "span_id": "TRACKING-32", "status_code": 201, "method": "", "url": "http://workers/", "details": "request order-updated Event Created"}}}
{"project_record": {"timestamp":"2021-11-12T18:43:20","service":"tracking-service","level":"INFO","filename":"app.py","funcName":"update_order_status","lineNumber":"146","message":{"trace_id": 25, "span_id": "TRACKING-33", "status_code": "", "method": "POST", "url": "http://workers/000011/status", "details": "request update order status"}}}
{"project_record": {"timestamp":"2021-11-12T18:43:28","service":"tracking-service","level":"INFO","filename":"app.py","funcName":"order_query","lineNumber":"48","message":{"trace_id": 33, "span_id": "TRACKING-34", "status_code": "", "method": "GET", "url": "http://workers/000011", "details": "request a order"}}}
{"project_record": {"timestamp":"2021-11-12T18:43:28","service":"tracking-service","level":"INFO","filename":"app.py","funcName":"access_order_service","lineNumber":"169","message":{"trace_id": 33, "span_id": "TRACKING-35", "status_code": "", "method": "GET", "url": "http://order-load-balancer:5510/000011", "details": "request order service"}}}
{"project_record": {"timestamp":"2021-11-12T18:43:28","service":"tracking-service","level":"INFO","filename":"app.py","funcName":"order_query","lineNumber":"96","message":{"trace_id": 33, "span_id": "TRACKING-36", "status_code": 200, "method": "", "url": "http://workers/000011", "details": "request order success"}}}
{"project_record": {"timestamp":"2021-11-12T18:43:28","service":"tracking-service","level":"INFO","filename":"app.py","funcName":"add_order","lineNumber":"112","message":{"trace_id": 35, "span_id": "TRACKING-37", "status_code": "", "method": "POST", "url": "http://workers/", "details": "request create a new order"}}}
{"project_record": {"timestamp":"2021-11-12T18:43:28","service":"tracking-service","level":"INFO","filename":"app.py","funcName":"add_order","lineNumber":"130","message":{"trace_id": 35, "span_id": "TRACKING-38", "status_code": 201, "method": "", "url": "http://workers/", "details": "request order-updated Event Created"}}}
{"project_record": {"timestamp":"2021-11-12T18:43:28","service":"tracking-service","level":"INFO","filename":"app.py","funcName":"update_order_status","lineNumber":"146","message":{"trace_id": 37, "span_id": "TRACKING-39", "status_code": "", "method": "POST", "url": "http://workers/000011/status", "details": "request update order status"}}}
{"project_record": {"timestamp":"2021-11-13T14:21:48","service":"tracking-service","level":"INFO","filename":"app.py","funcName":"order_query","lineNumber":"48","message":{"trace_id": 8, "span_id": "TRACKING-1", "status_code": "", "method": "GET", "url": "http://workers/000011", "details": "request a order"}}}
{"project_record": {"timestamp":"2021-11-13T14:21:48","service":"tracking-service","level":"INFO","filename":"app.py","funcName":"access_order_service","lineNumber":"169","message":{"trace_id": 8, "span_id": "TRACKING-2", "status_code": "", "method": "GET", "url": "http://order-load-balancer:5510/000011", "details": "request order service"}}}
{"project_record": {"timestamp":"2021-11-13T14:21:48","service":"tracking-service","level":"INFO","filename":"app.py","funcName":"order_query","lineNumber":"96","message":{"trace_id": 8, "span_id": "TRACKING-3", "status_code": 200, "method": "", "url": "http://workers/000011", "details": "request order success"}}}
{"project_record": {"timestamp":"2021-11-13T14:21:48","service":"tracking-service","level":"INFO","filename":"app.py","funcName":"add_order","lineNumber":"112","message":{"trace_id": 10, "span_id": "TRACKING-4", "status_code": "", "method": "POST", "url": "http://workers/", "details": "request create a new order"}}}
{"project_record": {"timestamp":"2021-11-13T14:21:48","service":"tracking-service","level":"INFO","filename":"app.py","funcName":"add_order","lineNumber":"130","message":{"trace_id": 10, "span_id": "TRACKING-5", "status_code": 201, "method": "", "url": "http://workers/", "details": "request order-updated Event Created"}}}
{"project_record": {"timestamp":"2021-11-13T14:21:48","service":"tracking-service","level":"INFO","filename":"app.py","funcName":"update_order_status","lineNumber":"146","message":{"trace_id": 12, "span_id": "TRACKING-6", "status_code": "", "method": "POST", "url": "http://workers/000011/status", "details": "request update order status"}}}
{"project_record": {"timestamp":"2021-11-13T14:22:03","service":"tracking-service","level":"INFO","filename":"app.py","funcName":"order_query","lineNumber":"48","message":{"trace_id": 13, "span_id": "TRACKING-7", "status_code": "", "method": "GET", "url": "http://workers/000011", "details": "request a order"}}}
{"project_record": {"timestamp":"2021-11-13T14:22:03","service":"tracking-service","level":"INFO","filename":"app.py","funcName":"access_order_service","lineNumber":"169","message":{"trace_id": 13, "span_id": "TRACKING-8", "status_code": "", "method": "GET", "url": "http://order-load-balancer:5510/000011", "details": "request order service"}}}
{"project_record": {"timestamp":"2021-11-13T14:22:03","service":"tracking-service","level":"INFO","filename":"app.py","funcName":"order_query","lineNumber":"96","message":{"trace_id": 13, "span_id": "TRACKING-9", "status_code": 200, "method": "", "url": "http://workers/000011", "details": "request order success"}}}
{"project_record": {"timestamp":"2021-11-13T14:22:04","service":"tracking-service","level":"INFO","filename":"app.py","funcName":"order_query","lineNumber":"48","message":{"trace_id": 14, "span_id": "TRACKING-10", "status_code": "", "method": "GET", "url": "http://workers/000011", "details": "request a order"}}}
{"project_record": {"timestamp":"2021-11-13T14:22:04","service":"tracking-service","level":"INFO","filename":"app.py","funcName":"access_order_service","lineNumber":"169","message":{"trace_id": 14, "span_id": "TRACKING-11", "status_code": "", "method": "GET", "url": "http://order-load-balancer:5510/000011", "details": "request order service"}}}
{"project_record": {"timestamp":"2021-11-13T14:22:04","service":"tracking-service","level":"INFO","filename":"app.py","funcName":"order_query","lineNumber":"96","message":{"trace_id": 14, "span_id": "TRACKING-12", "status_code": 200, "method": "", "url": "http://workers/000011", "details": "request order success"}}}
{"project_record": {"timestamp":"2021-11-13T14:22:05","service":"tracking-service","level":"INFO","filename":"app.py","funcName":"order_query","lineNumber":"48","message":{"trace_id": 15, "span_id": "TRACKING-13", "status_code": "", "method": "GET", "url": "http://workers/000011", "details": "request a order"}}}
{"project_record": {"timestamp":"2021-11-13T14:22:05","service":"tracking-service","level":"INFO","filename":"app.py","funcName":"access_order_service","lineNumber":"169","message":{"trace_id": 15, "span_id": "TRACKING-14", "status_code": "", "method": "GET", "url": "http://order-load-balancer:5510/000011", "details": "request order service"}}}
{"project_record": {"timestamp":"2021-11-13T14:22:05","service":"tracking-service","level":"INFO","filename":"app.py","funcName":"order_query","lineNumber":"96","message":{"trace_id": 15, "span_id": "TRACKING-15", "status_code": 200, "method": "", "url": "http://workers/000011", "details": "request order success"}}}
{"project_record": {"timestamp":"2021-11-13T14:22:05","service":"tracking-service","level":"INFO","filename":"app.py","funcName":"order_query","lineNumber":"48","message":{"trace_id": 16, "span_id": "TRACKING-16", "status_code": "", "method": "GET", "url": "http://workers/000011", "details": "request a order"}}}
{"project_record": {"timestamp":"2021-11-13T14:22:06","service":"tracking-service","level":"INFO","filename":"app.py","funcName":"access_order_service","lineNumber":"169","message":{"trace_id": 16, "span_id": "TRACKING-17", "status_code": "", "method": "GET", "url": "http://order-load-balancer:5510/000011", "details": "request order service"}}}
{"project_record": {"timestamp":"2021-11-13T14:22:06","service":"tracking-service","level":"INFO","filename":"app.py","funcName":"order_query","lineNumber":"96","message":{"trace_id": 16, "span_id": "TRACKING-18", "status_code": 200, "method": "", "url": "http://workers/000011", "details": "request order success"}}}
